0	1	60
1.000000000000	0.000000000000	0.000000000000	-0.303078874946
0.000000000000	1.000000000000	0.000000000000	0.765163987875
0.000000000000	0.000000000000	1.000000000000	0.024066567421
0.000000000000	0.000000000000	0.000000000000	1.000000000000
0	2	60
1.000000000000	0.000000000000	0.000000000000	-0.177771389484
0.000000000000	1.000000000000	0.000000000000	-0.257324218750
0.000000000000	0.000000000000	1.000000000000	0.024066567421
0.000000000000	0.000000000000	0.000000000000	1.000000000000
0	3	60
-0.544040191331	0.638780510373	0.544040191331	0.326100601779
0.451686030575	0.769389017057	-0.451686030575	0.565218428605
-0.707106781187	-0.000000000000	-0.707106781187	0.663256168365
0.000000000000	0.000000000000	0.000000000000	1.000000000000
0	4	60
-0.143293837236	0.165488327029	-0.975746119555	0.264391117214
-0.024044995839	-0.986211748874	-0.163732173253	-1.195574586313
-0.989388050456	0.000000000000	0.145297231958	0.275359481430
0.000000000000	0.000000000000	0.000000000000	1.000000000000
0	5	60
1.000000000000	0.000000000000	0.000000000000	-1.281443655491
0.000000000000	1.000000000000	0.000000000000	-0.250538051128
0.000000000000	0.000000000000	1.000000000000	-1.100792288780
0.000000000000	0.000000000000	0.000000000000	1.000000000000
0	6	60
1.000000000000	0.000000000000	0.000000000000	-1.138654768467
0.000000000000	1.000000000000	0.000000000000	0.255624234676
0.000000000000	0.000000000000	1.000000000000	-1.314993202686
0.000000000000	0.000000000000	0.000000000000	1.000000000000
0	10	60
1.000000000000	0.000000000000	0.000000000000	0.098385691643
0.000000000000	1.000000000000	0.000000000000	-0.272424519062
0.000000000000	0.000000000000	1.000000000000	1.033126294613
0.000000000000	0.000000000000	0.000000000000	1.000000000000
0	11	60
0.021512354085	-0.048153674714	0.998608252636	-0.182253033068
0.999768582534	0.001036138682	-0.021487386879	0.327992596915
0.000000000000	0.998839401520	0.048164820895	0.291065494144
0.000000000000	0.000000000000	0.000000000000	1.000000000000
0	12	60
1.000000000000	0.000000000000	0.000000000000	-0.785420358181
0.000000000000	1.000000000000	0.000000000000	-0.796444177628
0.000000000000	0.000000000000	1.000000000000	-0.250796318054
0.000000000000	0.000000000000	0.000000000000	1.000000000000
0	13	60
1.000000000000	0.000000000000	0.000000000000	-0.765058636665
0.000000000000	1.000000000000	0.000000000000	0.363576307893
0.000000000000	0.000000000000	1.000000000000	-0.219658613205
0.000000000000	0.000000000000	0.000000000000	1.000000000000
0	14	60
1.000000000000	0.000000000000	0.000000000000	-0.896400153637
0.000000000000	1.000000000000	0.000000000000	-0.752421647310
0.000000000000	0.000000000000	1.000000000000	-0.136374115944
0.000000000000	0.000000000000	0.000000000000	1.000000000000
0	15	60
-0.662978011375	0.737271179752	0.129966780142	-0.075731330047
0.748220806105	0.658347380747	0.082124001219	-0.717071183712
-0.025015630026	0.151690256019	-0.988111473713	3.702174645598
0.000000000000	0.000000000000	0.000000000000	1.000000000000
0	19	60
0.948867498019	0.307139087218	-0.072911263226	0.072167675590
0.303398646433	-0.951093505951	-0.058055183064	-0.489190585126
-0.087176444900	0.032965497728	-0.995647298703	3.157207675567
0.000000000000	0.000000000000	0.000000000000	1.000000000000
0	26	60
-0.695020012081	-0.718473337979	0.027262527781	0.146240818282
-0.718923390889	0.693937839804	-0.039992905877	0.548627882230
0.009815336945	-0.047395538842	-0.998827974207	2.484542497533
0.000000000000	0.000000000000	0.000000000000	1.000000000000
0	27	60
0.991880466713	0.089197922096	-0.090646954977	0.293721654518
0.091527265231	-0.995562493781	0.021865056500	-0.511315660451
-0.088294390944	-0.029984190337	-0.995643032847	3.337023903476
0.000000000000	0.000000000000	0.000000000000	1.000000000000
0	28	60
0.943925635373	0.330152853424	-0.001867688822	0.383944030444
-0.330156507543	0.943923644093	-0.002198783477	-0.287194081185
0.001037021000	0.002692117709	0.999995838536	-0.377729948695
0.000000000000	0.000000000000	0.000000000000	1.000000000000
0	29	60
-0.232463317688	-0.972256973577	0.026022745049	0.269499842848
0.971739696536	-0.233301789368	-0.035947701651	-0.253222027410
0.041021556599	0.016930812388	0.999014804438	-0.913972423679
0.000000000000	0.000000000000	0.000000000000	1.000000000000
0	31	60
0.972488977704	-0.232675880194	0.011274884509	-0.396201086347
0.232562528918	0.972524629803	0.010512591064	-0.534624636129
-0.013411129262	-0.007601263282	0.999881174144	-0.624637157806
0.000000000000	0.000000000000	0.000000000000	1.000000000000
0	32	60
0.072506435332	-0.997311503459	0.010610462008	-0.108722274206
-0.997357429036	-0.072452715985	0.005363086216	0.107873561710
-0.004579910787	-0.010971281373	-0.999929325204	2.779908944971
0.000000000000	0.000000000000	0.000000000000	1.000000000000
0	37	60
0.920176059580	-0.391501751959	0.001548415011	0.105894760440
-0.391422350229	-0.920056216806	-0.016884953598	-0.307698408623
0.008035117772	0.014931045825	-0.999856240043	3.088652409011
0.000000000000	0.000000000000	0.000000000000	1.000000000000
0	38	60
0.552547771561	0.833478491363	0.002136487542	-0.102419170307
-0.830265888247	0.550639325504	-0.086341693416	0.425654207854
-0.073140378430	0.045934057563	0.996263292207	0.485731180443
0.000000000000	0.000000000000	0.000000000000	1.000000000000
0	39	60
1.000000000000	0.000000000000	0.000000000000	0.068839073181
0.000000000000	1.000000000000	0.000000000000	0.501158297062
0.000000000000	0.000000000000	1.000000000000	0.120017133653
0.000000000000	0.000000000000	0.000000000000	1.000000000000
0	41	60
1.000000000000	0.000000000000	0.000000000000	0.126162171364
0.000000000000	1.000000000000	0.000000000000	0.076293110847
0.000000000000	0.000000000000	1.000000000000	-0.064888909459
0.000000000000	0.000000000000	0.000000000000	1.000000000000
1	2	60
1.000000000000	0.000000000000	0.000000000000	0.360633581877
0.000000000000	1.000000000000	0.000000000000	-0.646888375282
0.000000000000	0.000000000000	1.000000000000	-1.053147614002
0.000000000000	0.000000000000	0.000000000000	1.000000000000
1	3	60
1.000000000000	0.000000000000	0.000000000000	1.793218433857
0.000000000000	1.000000000000	0.000000000000	0.562530443072
0.000000000000	0.000000000000	1.000000000000	-0.174694508314
0.000000000000	0.000000000000	0.000000000000	1.000000000000
1	4	60
1.000000000000	0.000000000000	0.000000000000	0.363727927208
0.000000000000	1.000000000000	0.000000000000	0.233091086149
0.000000000000	0.000000000000	1.000000000000	-0.039081703871
0.000000000000	0.000000000000	0.000000000000	1.000000000000
1	5	60
0.999087084260	-0.042719996077	0.000000000000	0.165313064599
0.042719996077	0.999087084260	0.000000000000	0.156071556969
0.000000000000	0.000000000000	1.000000000000	0.061216678470
0.000000000000	0.000000000000	0.000000000000	1.000000000000
1	10	60
1.000000000000	0.000000000000	0.000000000000	-0.592298865318
0.000000000000	1.000000000000	0.000000000000	-1.633685052395
0.000000000000	0.000000000000	1.000000000000	-0.183409243822
0.000000000000	0.000000000000	0.000000000000	1.000000000000
1	11	60
1.000000000000	0.000000000000	0.000000000000	1.034449189901
0.000000000000	1.000000000000	0.000000000000	0.176911816001
0.000000000000	0.000000000000	1.000000000000	0.119255222380
0.000000000000	0.000000000000	0.000000000000	1.000000000000
1	12	60
0.999790437917	0.020471449626	0.000000000000	0.159170481447
0.020471449626	-0.999790437917	0.000000000000	0.239840608665
0.000000000000	0.000000000000	-1.000000000000	0.058450255543
0.000000000000	0.000000000000	0.000000000000	1.000000000000
1	13	60
-0.951762444318	-0.306835867501	0.000000000000	0.008929468599
-0.306835867501	0.951762444318	0.000000000000	-0.049935692746
-0.000000000000	0.000000000000	-1.000000000000	-0.070608519018
0.000000000000	0.000000000000	0.000000000000	1.000000000000
1	14	60
1.000000000000	0.000000000000	0.000000000000	0.626212880015
0.000000000000	1.000000000000	0.000000000000	-0.007916390896
0.000000000000	0.000000000000	1.000000000000	0.022740632296
0.000000000000	0.000000000000	0.000000000000	1.000000000000
1	26	60
1.000000000000	0.000000000000	0.000000000000	0.077152609825
0.000000000000	1.000000000000	0.000000000000	-0.392564356327
0.000000000000	0.000000000000	1.000000000000	0.744900166988
0.000000000000	0.000000000000	0.000000000000	1.000000000000
1	27	60
1.000000000000	0.000000000000	0.000000000000	0.338744521141
0.000000000000	1.000000000000	0.000000000000	0.997346639633
0.000000000000	0.000000000000	1.000000000000	-0.076088547707
0.000000000000	0.000000000000	0.000000000000	1.000000000000
1	28	60
1.000000000000	0.000000000000	0.000000000000	0.197036027908
0.000000000000	1.000000000000	0.000000000000	0.360859990120
0.000000000000	0.000000000000	1.000000000000	1.001679480076
0.000000000000	0.000000000000	0.000000000000	1.000000000000
1	29	60
0.730162417975	-0.683273622626	0.000000000000	0.223913703434
0.683273622626	0.730162417975	0.000000000000	-0.168134942497
0.000000000000	0.000000000000	1.000000000000	-0.024670809507
0.000000000000	0.000000000000	0.000000000000	1.000000000000
1	31	60
1.000000000000	0.000000000000	0.000000000000	-0.261839836836
0.000000000000	1.000000000000	0.000000000000	-0.097089529037
0.000000000000	0.000000000000	1.000000000000	-0.215757280588
0.000000000000	0.000000000000	0.000000000000	1.000000000000
1	32	60
1.000000000000	0.000000000000	0.000000000000	-0.677777469158
0.000000000000	1.000000000000	0.000000000000	-0.832937151194
0.000000000000	0.000000000000	1.000000000000	-0.049407303333
0.000000000000	0.000000000000	0.000000000000	1.000000000000
1	40	60
1.000000000000	0.000000000000	0.000000000000	0.323084920645
0.000000000000	1.000000000000	0.000000000000	-0.235413625836
0.000000000000	0.000000000000	1.000000000000	1.089740872383
0.000000000000	0.000000000000	0.000000000000	1.000000000000
1	41	60
1.000000000000	0.000000000000	0.000000000000	0.175573125482
0.000000000000	1.000000000000	0.000000000000	-0.272109538317
0.000000000000	0.000000000000	1.000000000000	0.085563063622
0.000000000000	0.000000000000	0.000000000000	1.000000000000
2	3	60
0.036001710799	0.999351728282	0.000000000000	-0.256812288225
-0.999351728282	0.036001710799	0.000000000000	-0.365833665120
0.000000000000	0.000000000000	1.000000000000	-0.934520751238
0.000000000000	0.000000000000	0.000000000000	1.000000000000
